Testing for facebook_combined.txt (offset 1)
Code: 62. DB::Exception: Syntax error: failed at position 2 (line 2, col 1): delete from Nodes, expected OPTIMIZE

1 iterations
4034	0
5	1
0.002
2 iterations
3888	0
151	1
0.002
3 iterations
3511	0
450	1
78	2
0.002
4 iterations
2958	0
960	1
121	2
0.002
5 iterations
2333	0
1548	1
158	2
0.002
6 iterations
1769	0
2076	1
194	2
0.002
7 iterations
1301	0
2509	1
229	2
0.002
8 iterations
914	0
2871	1
254	2
0.002
9 iterations
595	0
3162	1
282	2
0.003
10 iterations
367	0
3373	1
299	2
0.002
11 iterations
205	0
3497	1
337	2
0.002
12 iterations
104	0
3565	1
370	2
0.003
13 iterations
45	0
3599	1
395	2
0.002
14 iterations
19	0
3608	1
412	2
0.002
15 iterations
8	0
3612	1
419	2
0.001
16 iterations
3	0
3612	1
424	2
0.002
17 iterations
1	0
3612	1
426	2
0.001
18 iterations
3612	1
427	2
0.001
0.4827241461948169

real	0m1.610s
user	0m0.616s
sys	0m0.512s
