Testing for soc-LiveJournal1.txt (offset 5)
Code: 62. DB::Exception: Syntax error: failed at position 2 (line 2, col 1): delete from Nodes, expected OPTIMIZE

1 iterations
4825247	0
22324	1
0.007
2 iterations
4416751	0
421980	1
8840	2
0.012
3 iterations
4314980	0
504920	1
27589	2
82	3
0.009
4 iterations
4020832	0
791344	1
34867	2
527	3
1	4
0.012
5 iterations
3665506	0
1136553	1
44883	2
622	3
7	4
0.009
6 iterations
3210208	0
1575863	1
60706	2
785	3
9	4
0.010
7 iterations
2957415	0
1821871	1
67378	2
898	3
9	4
0.010
8 iterations
2666186	0
2102387	1
78053	2
936	3
9	4
0.009
9 iterations
2425044	0
2340739	1
80811	2
968	3
9	4
0.009
10 iterations
2144993	0
2616008	1
85585	2
976	3
9	4
0.010
11 iterations
1875751	0
2882913	1
87910	2
988	3
9	4
0.009
12 iterations
1576000	0
3181084	1
89490	2
988	3
9	4
0.009
13 iterations
1273079	0
3481830	1
91665	2
988	3
9	4
0.008
14 iterations
949099	0
3804680	1
92795	2
988	3
9	4
0.010
15 iterations
632832	0
4118863	1
94878	2
989	3
9	4
0.012
16 iterations
348922	0
4401525	1
96126	2
989	3
9	4
0.009
17 iterations
150063	0
4598772	1
97738	2
989	3
9	4
0.008
18 iterations
52201	0
4695247	1
99125	2
989	3
9	4
0.010
19 iterations
22710	0
4723808	1
100055	2
989	3
9	4
0.008
20 iterations
14141	0
4731126	1
101306	2
989	3
9	4
0.009
21 iterations
12368	0
4732444	1
101761	2
989	3
9	4
0.009
22 iterations
9978	0
4734289	1
102306	2
989	3
9	4
0.011
23 iterations
9245	0
4734868	1
102460	2
989	3
9	4
0.011
24 iterations
7373	0
4736478	1
102722	2
989	3
9	4
0.009
25 iterations
6790	0
4736965	1
102818	2
989	3
9	4
0.009
26 iterations
5857	0
4737718	1
102998	2
989	3
9	4
0.010
27 iterations
5477	0
4738028	1
103068	2
989	3
9	4
0.009
28 iterations
5074	0
4738318	1
103181	2
989	3
9	4
0.009
29 iterations
4793	0
4738553	1
103227	2
989	3
9	4
0.009
30 iterations
4207	0
4739078	1
103288	2
989	3
9	4
0.010
31 iterations
3867	0
4739372	1
103334	2
989	3
9	4
0.008
32 iterations
3572	0
4739612	1
103389	2
989	3
9	4
0.009
33 iterations
3360	0
4739783	1
103430	2
989	3
9	4
0.009
34 iterations
3019	0
4740077	1
103477	2
989	3
9	4
0.009
35 iterations
2834	0
4740218	1
103521	2
989	3
9	4
0.008
36 iterations
2635	0
4740383	1
103555	2
989	3
9	4
0.009
37 iterations
2432	0
4740543	1
103598	2
989	3
9	4
0.010
38 iterations
2202	0
4740728	1
103643	2
989	3
9	4
0.008
39 iterations
1611	0
4741268	1
103694	2
989	3
9	4
0.009
40 iterations
1298	0
4741524	1
103751	2
989	3
9	4
0.010
41 iterations
748	0
4741821	1
104004	2
989	3
9	4
0.010
42 iterations
611	0
4741916	1
104046	2
989	3
9	4
0.008
43 iterations
321	0
4742116	1
104136	2
989	3
9	4
0.008
44 iterations
236	0
4742163	1
104174	2
989	3
9	4
0.010
45 iterations
164	0
4742199	1
104210	2
989	3
9	4
0.010
46 iterations
133	0
4742220	1
104220	2
989	3
9	4
0.009
47 iterations
73	0
4742263	1
104237	2
989	3
9	4
0.010
48 iterations
56	0
4742274	1
104243	2
989	3
9	4
0.010
49 iterations
49	0
4742277	1
104247	2
989	3
9	4
0.008
50 iterations
40	0
4742281	1
104252	2
989	3
9	4
0.010
51 iterations
31	0
4742286	1
104256	2
989	3
9	4
0.008
52 iterations
21	0
4742293	1
104259	2
989	3
9	4
0.010
53 iterations
11	0
4742299	1
104263	2
989	3
9	4
0.010
54 iterations
8	0
4742300	1
104265	2
989	3
9	4
0.010
55 iterations
4	0
4742303	1
104266	2
989	3
9	4
0.012
56 iterations
3	0
4742303	1
104267	2
989	3
9	4
0.010
57 iterations
2	0
4742303	1
104268	2
989	3
9	4
0.012
58 iterations
2	0
4742303	1
104268	2
989	3
9	4
0.010
59 iterations
2	0
4742303	1
104268	2
989	3
9	4
0.010
60 iterations
1	0
4742304	1
104268	2
989	3
9	4
0.009
61 iterations
4742304	1
104269	2
989	3
9	4
0.010
0.7960299710459235

real	4m54.024s
user	0m1.444s
sys	0m1.224s
