Testing for soc3.txt (offset 1)
netload_ch.sh: ligne 7: 

DROP TABLE IF EXISTS Nodes;
DROP TABLE IF EXISTS Edges;

CREATE TABLE Nodes
(NodeId Int32
,NodeWeight Float32
,NodeCount Int32 default(0)
,HasConverged Int32 default(0)
)
ENGINE = Log;

CREATE TABLE Edges
(SourceNodeId Int32
,TargetNodeId Int32
)
ENGINE = Log;
: Nom de fichier trop long
Code: 62. DB::Exception: Syntax error: failed at position 2 (line 2, col 1): delete from Nodes, expected OPTIMIZE

1 iterations
8307410	0
18698	1
0.010
2 iterations
8009580	0
311093	1
5435	2
0.012
3 iterations
7795038	0
513397	1
17605	2
68	3
0.013
4 iterations
7266860	0
1034370	1
24584	2
293	3
1	4
0.014
5 iterations
6662565	0
1631476	1
31681	2
380	3
6	4
0.014
6 iterations
5891519	0
2392459	1
41673	2
449	3
8	4
0.015
7 iterations
5157583	0
3122410	1
45598	2
509	3
8	4
0.015
8 iterations
4534082	0
3739807	1
51675	2
536	3
8	4
0.012
9 iterations
3997351	0
4274048	1
54153	2
548	3
8	4
0.016
10 iterations
3416865	0
4851757	1
56923	2
555	3
8	4
0.012
11 iterations
2730097	0
5536397	1
59048	2
558	3
8	4
0.015
12 iterations
1952320	0
6313020	1
60202	2
558	3
8	4
0.014
13 iterations
1181133	0
7082225	1
62184	2
558	3
8	4
0.014
14 iterations
603159	0
7658835	1
63547	2
559	3
8	4
0.014
15 iterations
294809	0
7964509	1
66223	2
559	3
8	4
0.011
16 iterations
156345	0
8100675	1
68521	2
559	3
8	4
0.013
17 iterations
89441	0
8165174	1
70926	2
559	3
8	4
0.012
18 iterations
52131	0
8200582	1
72828	2
559	3
8	4
0.011
19 iterations
34618	0
8217077	1
73846	2
559	3
8	4
0.014
20 iterations
23959	0
8226424	1
75158	2
559	3
8	4
0.013
21 iterations
18730	0
8231125	1
75686	2
559	3
8	4
0.014
22 iterations
14639	0
8234789	1
76113	2
559	3
8	4
0.013
23 iterations
12323	0
8236963	1
76255	2
559	3
8	4
0.011
24 iterations
10075	0
8239018	1
76448	2
559	3
8	4
0.011
25 iterations
9097	0
8239890	1
76554	2
559	3
8	4
0.011
26 iterations
7860	0
8241018	1
76663	2
559	3
8	4
0.014
27 iterations
7113	0
8241700	1
76728	2
559	3
8	4
0.011
28 iterations
6459	0
8242269	1
76813	2
559	3
8	4
0.013
29 iterations
5997	0
8242681	1
76863	2
559	3
8	4
0.014
30 iterations
5197	0
8243433	1
76911	2
559	3
8	4
0.012
31 iterations
4720	0
8243872	1
76949	2
559	3
8	4
0.014
32 iterations
4195	0
8244353	1
76993	2
559	3
8	4
0.014
33 iterations
3689	0
8244813	1
77039	2
559	3
8	4
0.012
34 iterations
3445	0
8245010	1
77086	2
559	3
8	4
0.014
35 iterations
3023	0
8245403	1
77115	2
559	3
8	4
0.014
36 iterations
2636	0
8245774	1
77131	2
559	3
8	4
0.014
37 iterations
2420	0
8245954	1
77167	2
559	3
8	4
0.014
38 iterations
2197	0
8246146	1
77198	2
559	3
8	4
0.014
39 iterations
1545	0
8246746	1
77250	2
559	3
8	4
0.019
40 iterations
1231	0
8247008	1
77302	2
559	3
8	4
0.012
41 iterations
841	0
8247169	1
77531	2
559	3
8	4
0.015
42 iterations
752	0
8247232	1
77557	2
559	3
8	4
0.012
43 iterations
340	0
8247594	1
77607	2
559	3
8	4
0.014
44 iterations
258	0
8247654	1
77629	2
559	3
8	4
0.016
45 iterations
187	0
8247681	1
77673	2
559	3
8	4
0.015
46 iterations
146	0
8247709	1
77686	2
559	3
8	4
0.015
47 iterations
117	0
8247725	1
77699	2
559	3
8	4
0.015
48 iterations
113	0
8247725	1
77703	2
559	3
8	4
0.014
49 iterations
103	0
8247733	1
77705	2
559	3
8	4
0.014
50 iterations
94	0
8247734	1
77713	2
559	3
8	4
0.018
51 iterations
76	0
8247751	1
77714	2
559	3
8	4
0.015
52 iterations
67	0
8247760	1
77714	2
559	3
8	4
0.013
53 iterations
56	0
8247765	1
77720	2
559	3
8	4
0.015
54 iterations
49	0
8247767	1
77725	2
559	3
8	4
0.014
55 iterations
36	0
8247779	1
77726	2
559	3
8	4
0.015
56 iterations
31	0
8247784	1
77726	2
559	3
8	4
0.013
57 iterations
24	0
8247784	1
77733	2
559	3
8	4
0.014
58 iterations
24	0
8247784	1
77733	2
559	3
8	4
0.014
59 iterations
17	0
8247791	1
77733	2
559	3
8	4
0.014
60 iterations
10	0
8247791	1
77740	2
559	3
8	4
0.014
61 iterations
10	0
8247791	1
77740	2
559	3
8	4
0.015
62 iterations
10	0
8247791	1
77740	2
559	3
8	4
0.016
63 iterations
10	0
8247791	1
77740	2
559	3
8	4
0.014
64 iterations
10	0
8247791	1
77740	2
559	3
8	4
0.012
65 iterations
10	0
8247791	1
77740	2
559	3
8	4
0.015
66 iterations
10	0
8247791	1
77740	2
559	3
8	4
0.014
67 iterations
10	0
8247791	1
77740	2
559	3
8	4
0.012
68 iterations
10	0
8247791	1
77740	2
559	3
8	4
0.012
69 iterations
5	0
8247796	1
77740	2
559	3
8	4
0.014
70 iterations
8247796	1
77745	2
559	3
8	4
0.013
0.9799053374795914

real	10m56.607s
user	0m1.708s
sys	0m1.460s
