Testing for twitter_combined.txt (offset 1)
netload_ch.sh: ligne 7: 

DROP TABLE IF EXISTS Nodes;
DROP TABLE IF EXISTS Edges;

CREATE TABLE Nodes
(NodeId Int32
,NodeWeight Float32
,NodeCount Int32 default(0)
,HasConverged Int32 default(0)
)
ENGINE = Log;

CREATE TABLE Edges
(SourceNodeId Int32
,TargetNodeId Int32
)
ENGINE = Log;
: Nom de fichier trop long
Code: 62. DB::Exception: Syntax error: failed at position 2 (line 2, col 1): delete from Nodes, expected OPTIMIZE

1 iterations
162531	0
82	1
0.002
2 iterations
158826	0
3787	1
0.003
3 iterations
142358	0
19853	1
402	2
0.003
4 iterations
131188	0
30903	1
522	2
0.003
5 iterations
122310	0
39719	1
584	2
0.002
6 iterations
112974	0
49007	1
632	2
0.003
7 iterations
104000	0
57935	1
678	2
0.002
8 iterations
93782	0
68125	1
706	2
0.003
9 iterations
83504	0
78365	1
744	2
0.002
10 iterations
73366	0
88401	1
846	2
0.003
11 iterations
63722	0
97997	1
894	2
0.003
12 iterations
53906	0
107785	1
922	2
0.003
13 iterations
44258	0
117391	1
964	2
0.002
14 iterations
34716	0
126903	1
994	2
0.002
15 iterations
26284	0
135277	1
1052	2
0.002
16 iterations
18490	0
143047	1
1076	2
0.002
17 iterations
11896	0
149617	1
1100	2
0.002
18 iterations
7164	0
154313	1
1136	2
0.002
19 iterations
4292	0
157143	1
1178	2
0.003
20 iterations
2682	0
158727	1
1204	2
0.002
21 iterations
1736	0
159651	1
1226	2
0.003
22 iterations
1110	0
160267	1
1236	2
0.002
23 iterations
764	0
160607	1
1242	2
0.002
24 iterations
560	0
160805	1
1248	2
0.002
25 iterations
458	0
160889	1
1266	2
0.002
26 iterations
422	0
160921	1
1270	2
0.002
27 iterations
388	0
160949	1
1276	2
0.002
28 iterations
372	0
160959	1
1282	2
0.002
29 iterations
352	0
160975	1
1286	2
0.002
30 iterations
342	0
160981	1
1290	2
0.002
31 iterations
316	0
161005	1
1292	2
0.003
32 iterations
288	0
161029	1
1296	2
0.002
33 iterations
266	0
161045	1
1302	2
0.002
34 iterations
260	0
161047	1
1306	2
0.002
35 iterations
258	0
161047	1
1308	2
0.003
36 iterations
244	0
161061	1
1308	2
0.002
37 iterations
234	0
161069	1
1310	2
0.002
38 iterations
216	0
161083	1
1314	2
0.002
39 iterations
180	0
161117	1
1316	2
0.003
40 iterations
158	0
161133	1
1322	2
0.002
41 iterations
124	0
161151	1
1338	2
0.002
42 iterations
116	0
161159	1
1338	2
0.002
43 iterations
78	0
161197	1
1338	2
0.002
44 iterations
58	0
161215	1
1340	2
0.002
45 iterations
40	0
161221	1
1352	2
0.003
46 iterations
36	0
161223	1
1354	2
0.002
47 iterations
34	0
161223	1
1356	2
0.003
48 iterations
34	0
161223	1
1356	2
0.002
49 iterations
32	0
161225	1
1356	2
0.002
50 iterations
30	0
161225	1
1358	2
0.002
51 iterations
24	0
161231	1
1358	2
0.002
52 iterations
22	0
161233	1
1358	2
0.002
53 iterations
18	0
161235	1
1360	2
0.002
54 iterations
16	0
161235	1
1362	2
0.002
55 iterations
12	0
161239	1
1362	2
0.002
56 iterations
10	0
161241	1
1362	2
0.002
57 iterations
8	0
161241	1
1364	2
0.002
58 iterations
8	0
161241	1
1364	2
0.002
59 iterations
6	0
161243	1
1364	2
0.002
60 iterations
4	0
161243	1
1366	2
0.002
61 iterations
4	0
161243	1
1366	2
0.002
62 iterations
4	0
161243	1
1366	2
0.002
63 iterations
4	0
161243	1
1366	2
0.002
64 iterations
4	0
161243	1
1366	2
0.002
65 iterations
4	0
161243	1
1366	2
0.003
66 iterations
4	0
161243	1
1366	2
0.002
67 iterations
4	0
161243	1
1366	2
0.002
68 iterations
4	0
161243	1
1366	2
0.002
69 iterations
2	0
161245	1
1366	2
0.002
70 iterations
161245	1
1368	2
0.002
0.7815271767697838

real	0m14.128s
user	0m1.784s
sys	0m1.492s
