Testing for orkut.txt (offset 1)
Code: 62. DB::Exception: Syntax error: failed at position 2 (line 2, col 1): delete from Nodes, expected OPTIMIZE

1 iterations
3069989	0
2452	1
0.006
2 iterations
3037058	0
35377	1
6	2
0.006
3 iterations
2933858	0
136853	1
1730	2
0.007
4 iterations
2736127	0
333394	1
2908	2
12	3
0.008
5 iterations
2431265	0
637391	1
3771	2
14	3
0.007
6 iterations
2044340	0
1023395	1
4691	2
15	3
0.006
7 iterations
1621535	0
1445058	1
5832	2
16	3
0.007
8 iterations
1212576	0
1852330	1
7518	2
17	3
0.008
9 iterations
868860	0
2192164	1
11400	2
17	3
0.008
10 iterations
605652	0
2447436	1
19336	2
17	3
0.007
11 iterations
413008	0
2628522	1
30894	2
17	3
0.007
12 iterations
280124	0
2748343	1
43957	2
17	3
0.007
13 iterations
190145	0
2825862	1
56417	2
17	3
0.006
14 iterations
128877	0
2876987	1
66560	2
17	3
0.009
15 iterations
86559	0
2911461	1
74402	2
19	3
0.006
16 iterations
57781	0
2934694	1
79947	2
19	3
0.006
17 iterations
38089	0
2950447	1
83886	2
19	3
0.007
18 iterations
24942	0
2960956	1
86524	2
19	3
0.006
19 iterations
16183	0
2967974	1
88265	2
19	3
0.006
20 iterations
10364	0
2972674	1
89384	2
19	3
0.006
21 iterations
6479	0
2975847	1
90096	2
19	3
0.007
22 iterations
3925	0
2977889	1
90608	2
19	3
0.006
23 iterations
2270	0
2979217	1
90935	2
19	3
0.006
24 iterations
1289	0
2979952	1
91181	2
19	3
0.006
25 iterations
708	0
2980366	1
91348	2
19	3
0.006
26 iterations
367	0
2980591	1
91464	2
19	3
0.006
27 iterations
171	0
2980715	1
91536	2
19	3
0.008
28 iterations
80	0
2980769	1
91573	2
19	3
0.006
29 iterations
35	0
2980791	1
91596	2
19	3
0.007
30 iterations
9	0
2980805	1
91608	2
19	3
0.006
31 iterations
3	0
2980807	1
91612	2
19	3
0.011
32 iterations
1	0
2980807	1
91614	2
19	3
0.007
33 iterations
2980807	1
91615	2
19	3
0.008
0.5555633821873186

real	3m54.686s
user	0m0.888s
sys	0m0.684s
