Testing for facebook_combined.txt (offset 1)
netload_ch.sh: ligne 7: 

DROP TABLE IF EXISTS Nodes;
DROP TABLE IF EXISTS Edges;

CREATE TABLE Nodes
(NodeId Int32
,NodeWeight Float32
,NodeCount Int32 default(0)
,HasConverged Int32 default(0)
)
ENGINE = Log;

CREATE TABLE Edges
(SourceNodeId Int32
,TargetNodeId Int32
)
ENGINE = Log;
: Nom de fichier trop long
Code: 62. DB::Exception: Syntax error: failed at position 2 (line 2, col 1): delete from Nodes, expected OPTIMIZE

1 iterations
247743	0
130	1
0.002
2 iterations
242028	0
5845	1
0.003
3 iterations
216929	0
30267	1
677	2
0.003
4 iterations
199563	0
47429	1
881	2
0.002
5 iterations
185596	0
61287	1
990	2
0.003
6 iterations
171040	0
75744	1
1089	2
0.003
7 iterations
157190	0
89503	1
1180	2
0.002
8 iterations
141401	0
105227	1
1245	2
0.003
9 iterations
125746	0
120810	1
1317	2
0.002
10 iterations
110605	0
135784	1
1484	2
0.002
11 iterations
96053	0
150249	1
1571	2
0.002
12 iterations
81147	0
165098	1
1628	2
0.002
13 iterations
66591	0
179585	1
1697	2
0.002
14 iterations
52296	0
193829	1
1748	2
0.002
15 iterations
39595	0
206437	1
1841	2
0.002
16 iterations
27935	0
218057	1
1881	2
0.002
17 iterations
18147	0
227807	1
1919	2
0.003
18 iterations
10971	0
234929	1
1973	2
0.002
19 iterations
6561	0
239282	1
2030	2
0.002
20 iterations
4110	0
241694	1
2069	2
0.003
21 iterations
2679	0
243092	1
2102	2
0.001
22 iterations
1698	0
244058	1
2117	2
0.002
23 iterations
1155	0
244592	1
2126	2
0.002
24 iterations
849	0
244886	1
2138	2
0.002
25 iterations
684	0
245024	1
2165	2
0.002
26 iterations
630	0
245069	1
2174	2
0.002
27 iterations
582	0
245111	1
2180	2
0.002
28 iterations
561	0
245123	1
2189	2
0.002
29 iterations
528	0
245147	1
2198	2
0.002
30 iterations
510	0
245159	1
2204	2
0.003
31 iterations
471	0
245195	1
2207	2
0.002
32 iterations
426	0
245234	1
2213	2
0.002
33 iterations
399	0
245252	1
2222	2
0.002
34 iterations
390	0
245255	1
2228	2
0.003
35 iterations
387	0
245255	1
2231	2
0.002
36 iterations
366	0
245276	1
2231	2
0.002
37 iterations
351	0
245288	1
2234	2
0.002
38 iterations
324	0
245309	1
2240	2
0.002
39 iterations
270	0
245360	1
2243	2
0.003
40 iterations
237	0
245384	1
2252	2
0.002
41 iterations
186	0
245411	1
2276	2
0.002
42 iterations
174	0
245423	1
2276	2
0.002
43 iterations
117	0
245480	1
2276	2
0.002
44 iterations
87	0
245507	1
2279	2
0.002
45 iterations
60	0
245516	1
2297	2
0.002
46 iterations
54	0
245519	1
2300	2
0.003
47 iterations
51	0
245519	1
2303	2
0.003
48 iterations
51	0
245519	1
2303	2
0.002
49 iterations
48	0
245522	1
2303	2
0.002
50 iterations
45	0
245522	1
2306	2
0.002
51 iterations
36	0
245531	1
2306	2
0.003
52 iterations
33	0
245534	1
2306	2
0.003
53 iterations
27	0
245537	1
2309	2
0.002
54 iterations
24	0
245537	1
2312	2
0.003
55 iterations
18	0
245543	1
2312	2
0.002
56 iterations
15	0
245546	1
2312	2
0.002
57 iterations
12	0
245546	1
2315	2
0.002
58 iterations
12	0
245546	1
2315	2
0.002
59 iterations
9	0
245549	1
2315	2
0.002
60 iterations
6	0
245549	1
2318	2
0.002
61 iterations
6	0
245549	1
2318	2
0.002
62 iterations
6	0
245549	1
2318	2
0.002
63 iterations
6	0
245549	1
2318	2
0.002
64 iterations
6	0
245549	1
2318	2
0.002
65 iterations
6	0
245549	1
2318	2
0.003
66 iterations
6	0
245549	1
2318	2
0.003
67 iterations
6	0
245549	1
2318	2
0.002
68 iterations
6	0
245549	1
2318	2
0.002
69 iterations
6	0
245549	1
2318	2
0.002
70 iterations
3	0
245552	1
2318	2
0.002
71 iterations
245552	1
2321	2
0.002
0.7764842549708253

real	0m16.370s
user	0m1.892s
sys	0m1.348s
