Testing for orkut.txt (offset orkut.txt)


DROP TABLE IF EXISTS Nodes
0.005
DROP TABLE IF EXISTS Edges
0.066
CREATE TABLE Nodes
(NodeId Int32
,NodeWeight Float32
,NodeCount Int32 default(0)
,HasConverged Int32 default(0)
)
ENGINE = Log
0.011
CREATE TABLE Edges
(SourceNodeId Int32
,TargetNodeId Int32
)
ENGINE = Log
0.003
INSERT INTO Nodes
(NodeId
,NodeWeight
,HasConverged)
VALUES
(1,0.25,0)
0.002
Code: 62. DB::Exception: Syntax error: failed at position 1 (line 1, col 1): ,(2,0.25,0)
,(3,0.25,0)
,(4,0.25,0);

INSERT INTO Edges
(SourceNodeId
,TargetNodeId)
VALUES
(2,1)
,(2,3)
,(3,1)
,(4,1)
,(4,2)
,(4,3);
, expected OPTIMIZE

