Testing for twitter_combined.txt (offset 1)
netload_ch.sh: ligne 7: 

DROP TABLE IF EXISTS Nodes;
DROP TABLE IF EXISTS Edges;

CREATE TABLE Nodes
(NodeId Int32
,NodeWeight Float32
,NodeCount Int32 default(0)
,HasConverged Int32 default(0)
)
ENGINE = Log;

CREATE TABLE Edges
(SourceNodeId Int32
,TargetNodeId Int32
)
ENGINE = Log;
: Nom de fichier trop long
Code: 62. DB::Exception: Syntax error: failed at position 2 (line 2, col 1): delete from Nodes, expected OPTIMIZE

1 iterations
81266	0
41	1
0.003
2 iterations
79413	0
1894	1
0.002
3 iterations
71179	0
9927	1
201	2
0.002
4 iterations
65594	0
15452	1
261	2
0.002
5 iterations
61155	0
19860	1
292	2
0.003
6 iterations
56487	0
24504	1
316	2
0.003
7 iterations
52000	0
28968	1
339	2
0.002
8 iterations
46891	0
34063	1
353	2
0.003
9 iterations
41752	0
39183	1
372	2
0.002
10 iterations
36683	0
44201	1
423	2
0.002
11 iterations
31861	0
48999	1
447	2
0.002
12 iterations
26953	0
53893	1
461	2
0.003
13 iterations
22129	0
58696	1
482	2
0.003
14 iterations
17358	0
63452	1
497	2
0.003
15 iterations
13142	0
67639	1
526	2
0.002
16 iterations
9245	0
71524	1
538	2
0.003
17 iterations
5948	0
74809	1
550	2
0.003
18 iterations
3582	0
77157	1
568	2
0.002
19 iterations
2146	0
78572	1
589	2
0.002
20 iterations
1341	0
79364	1
602	2
0.001
21 iterations
868	0
79826	1
613	2
0.002
22 iterations
555	0
80134	1
618	2
0.002
23 iterations
382	0
80304	1
621	2
0.002
24 iterations
280	0
80403	1
624	2
0.002
25 iterations
229	0
80445	1
633	2
0.002
26 iterations
211	0
80461	1
635	2
0.002
27 iterations
194	0
80475	1
638	2
0.002
28 iterations
186	0
80480	1
641	2
0.002
29 iterations
176	0
80488	1
643	2
0.002
30 iterations
171	0
80491	1
645	2
0.002
31 iterations
158	0
80503	1
646	2
0.002
32 iterations
144	0
80515	1
648	2
0.002
33 iterations
133	0
80523	1
651	2
0.001
34 iterations
130	0
80524	1
653	2
0.002
35 iterations
129	0
80524	1
654	2
0.001
36 iterations
122	0
80531	1
654	2
0.003
37 iterations
117	0
80535	1
655	2
0.002
38 iterations
108	0
80542	1
657	2
0.002
39 iterations
90	0
80559	1
658	2
0.001
40 iterations
79	0
80567	1
661	2
0.002
41 iterations
62	0
80576	1
669	2
0.002
42 iterations
58	0
80580	1
669	2
0.002
43 iterations
39	0
80599	1
669	2
0.002
44 iterations
29	0
80608	1
670	2
0.002
45 iterations
20	0
80611	1
676	2
0.002
46 iterations
18	0
80612	1
677	2
0.002
47 iterations
17	0
80612	1
678	2
0.002
48 iterations
17	0
80612	1
678	2
0.002
49 iterations
16	0
80613	1
678	2
0.002
50 iterations
15	0
80613	1
679	2
0.002
51 iterations
12	0
80616	1
679	2
0.002
52 iterations
11	0
80617	1
679	2
0.002
53 iterations
9	0
80618	1
680	2
0.002
54 iterations
8	0
80618	1
681	2
0.002
55 iterations
6	0
80620	1
681	2
0.002
56 iterations
5	0
80621	1
681	2
0.002
57 iterations
4	0
80621	1
682	2
0.001
58 iterations
4	0
80621	1
682	2
0.002
59 iterations
3	0
80622	1
682	2
0.002
60 iterations
2	0
80622	1
683	2
0.002
61 iterations
2	0
80622	1
683	2
0.002
62 iterations
2	0
80622	1
683	2
0.002
63 iterations
2	0
80622	1
683	2
0.002
64 iterations
2	0
80622	1
683	2
0.002
65 iterations
2	0
80622	1
683	2
0.003
66 iterations
2	0
80622	1
683	2
0.001
67 iterations
2	0
80622	1
683	2
0.003
68 iterations
2	0
80622	1
683	2
0.002
69 iterations
1	0
80623	1
683	2
0.002
70 iterations
80623	1
684	2
0.002
0.781523293173225
