Testing for orkut.txt (offset 1)
netload_ch.sh: ligne 7: 

DROP TABLE IF EXISTS Nodes;
DROP TABLE IF EXISTS Edges;

CREATE TABLE Nodes
(NodeId Int32
,NodeWeight Float32
,NodeCount Int32 default(0)
,HasConverged Int32 default(0)
)
ENGINE = Log;

CREATE TABLE Edges
(SourceNodeId Int32
,TargetNodeId Int32
)
ENGINE = Log;
: Nom de fichier trop long
Code: 62. DB::Exception: Syntax error: failed at position 2 (line 2, col 1): delete from Nodes, expected OPTIMIZE

1 iterations
3397014	0
2596	1
0.006
2 iterations
3356161	0
43442	1
7	2
0.007
3 iterations
3223133	0
173482	1
2995	2
0.007
4 iterations
3008261	0
387241	1
4108	2
0.007
5 iterations
2685098	0
709627	1
4885	2
0.006
6 iterations
2276708	0
1117107	1
5794	2
1	3
0.007
7 iterations
1835436	0
1557226	1
6946	2
2	3
0.007
8 iterations
1406348	0
1984695	1
8564	2
3	3
0.008
9 iterations
1043099	0
2344293	1
12215	2
3	3
0.007
10 iterations
760349	0
2619243	1
20015	2
3	3
0.006
11 iterations
548025	0
2820337	1
31245	2
3	3
0.010
12 iterations
395137	0
2960423	1
44047	2
3	3
0.007
13 iterations
285674	0
3057555	1
56378	2
3	3
0.007
14 iterations
205016	0
3128150	1
66441	2
3	3
0.006
15 iterations
144734	0
3180562	1
74311	2
3	3
0.006
16 iterations
99846	0
3219888	1
79873	2
3	3
0.007
17 iterations
66165	0
3249632	1
83810	2
3	3
0.007
18 iterations
42535	0
3270551	1
86521	2
3	3
0.007
19 iterations
26961	0
3284336	1
88310	2
3	3
0.008
20 iterations
17085	0
3293035	1
89487	2
3	3
0.007
21 iterations
10842	0
3298512	1
90253	2
3	3
0.009
22 iterations
6702	0
3302120	1
90785	2
3	3
0.008
23 iterations
4095	0
3304384	1
91128	2
3	3
0.007
24 iterations
2503	0
3305712	1
91392	2
3	3
0.007
25 iterations
1702	0
3306320	1
91585	2
3	3
0.006
26 iterations
1238	0
3306664	1
91705	2
3	3
0.008
27 iterations
947	0
3306882	1
91778	2
3	3
0.007
28 iterations
816	0
3306964	1
91827	2
3	3
0.007
29 iterations
727	0
3307029	1
91851	2
3	3
0.006
30 iterations
653	0
3307084	1
91870	2
3	3
0.007
31 iterations
606	0
3307119	1
91882	2
3	3
0.006
32 iterations
556	0
3307163	1
91888	2
3	3
0.006
33 iterations
528	0
3307183	1
91896	2
3	3
0.008
34 iterations
512	0
3307187	1
91908	2
3	3
0.007
35 iterations
508	0
3307187	1
91912	2
3	3
0.007
36 iterations
484	0
3307211	1
91912	2
3	3
0.007
37 iterations
468	0
3307227	1
91912	2
3	3
0.007
38 iterations
432	0
3307255	1
91920	2
3	3
0.007
39 iterations
356	0
3307327	1
91924	2
3	3
0.007
40 iterations
312	0
3307355	1
91940	2
3	3
0.007
41 iterations
248	0
3307391	1
91968	2
3	3
0.006
42 iterations
232	0
3307407	1
91968	2
3	3
0.009
43 iterations
152	0
3307487	1
91968	2
3	3
0.006
44 iterations
112	0
3307519	1
91976	2
3	3
0.008
45 iterations
80	0
3307531	1
91996	2
3	3
0.006
46 iterations
72	0
3307535	1
92000	2
3	3
0.007
47 iterations
68	0
3307535	1
92004	2
3	3
0.007
48 iterations
68	0
3307535	1
92004	2
3	3
0.007
49 iterations
64	0
3307539	1
92004	2
3	3
0.007
50 iterations
60	0
3307539	1
92008	2
3	3
0.006
51 iterations
52	0
3307547	1
92008	2
3	3
0.007
52 iterations
44	0
3307555	1
92008	2
3	3
0.007
53 iterations
32	0
3307559	1
92016	2
3	3
0.006
54 iterations
32	0
3307559	1
92016	2
3	3
0.008
55 iterations
32	0
3307559	1
92016	2
3	3
0.006
56 iterations
20	0
3307571	1
92016	2
3	3
0.007
57 iterations
16	0
3307571	1
92020	2
3	3
0.007
58 iterations
16	0
3307571	1
92020	2
3	3
0.007
59 iterations
16	0
3307571	1
92020	2
3	3
0.007
60 iterations
12	0
3307575	1
92020	2
3	3
0.007
61 iterations
8	0
3307575	1
92024	2
3	3
0.006
62 iterations
8	0
3307575	1
92024	2
3	3
0.007
63 iterations
8	0
3307575	1
92024	2
3	3
0.006
64 iterations
8	0
3307575	1
92024	2
3	3
0.007
65 iterations
8	0
3307575	1
92024	2
3	3
0.007
66 iterations
8	0
3307575	1
92024	2
3	3
0.006
67 iterations
8	0
3307575	1
92024	2
3	3
0.008
68 iterations
8	0
3307575	1
92024	2
3	3
0.007
69 iterations
8	0
3307575	1
92024	2
3	3
0.006
70 iterations
4	0
3307579	1
92024	2
3	3
0.007
71 iterations
3307579	1
92028	2
3	3
0.007
0.5761726132844113

real	7m59.588s
user	0m1.708s
sys	0m1.516s
