17/03/16 22:46:49 INFO SparkContext: Running Spark version 2.1.0
17/03/16 22:46:50 WARN NativeCodeLoader: Unable to load native-hadoop library for your platform... using builtin-java classes where applicable
17/03/16 22:46:50 INFO SecurityManager: Changing view acls to: yannick
17/03/16 22:46:50 INFO SecurityManager: Changing modify acls to: yannick
17/03/16 22:46:50 INFO SecurityManager: Changing view acls groups to: 
17/03/16 22:46:50 INFO SecurityManager: Changing modify acls groups to: 
17/03/16 22:46:50 INFO SecurityManager: SecurityManager: authentication disabled; ui acls disabled; users  with view permissions: Set(yannick); groups with view permissions: Set(); users  with modify permissions: Set(yannick); groups with modify permissions: Set()
17/03/16 22:46:50 INFO Utils: Successfully started service 'sparkDriver' on port 50779.
17/03/16 22:46:50 INFO SparkEnv: Registering MapOutputTracker
17/03/16 22:46:50 INFO SparkEnv: Registering BlockManagerMaster
17/03/16 22:46:50 INFO BlockManagerMasterEndpoint: Using org.apache.spark.storage.DefaultTopologyMapper for getting topology information
17/03/16 22:46:50 INFO BlockManagerMasterEndpoint: BlockManagerMasterEndpoint up
17/03/16 22:46:50 INFO DiskBlockManager: Created local directory at /tmp/blockmgr-891c725d-d651-4400-ad47-4cda006c60d8
17/03/16 22:46:50 INFO MemoryStore: MemoryStore started with capacity 366.3 MB
17/03/16 22:46:50 INFO SparkEnv: Registering OutputCommitCoordinator
17/03/16 22:46:50 INFO Utils: Successfully started service 'SparkUI' on port 4040.
17/03/16 22:46:50 INFO SparkUI: Bound SparkUI to 127.0.0.1, and started at http://127.0.0.1:4040
17/03/16 22:46:50 INFO SparkContext: Added JAR file:/home/yannick/R/x86_64-pc-linux-gnu-library/3.3/sparklyr/java/sparklyr-2.1-2.11.jar at spark://127.0.0.1:50779/jars/sparklyr-2.1-2.11.jar with timestamp 1489700810557
17/03/16 22:46:50 INFO Executor: Starting executor ID driver on host localhost
17/03/16 22:46:50 INFO Utils: Successfully started service 'org.apache.spark.network.netty.NettyBlockTransferService' on port 33247.
17/03/16 22:46:50 INFO NettyBlockTransferService: Server created on 127.0.0.1:33247
17/03/16 22:46:50 INFO BlockManager: Using org.apache.spark.storage.RandomBlockReplicationPolicy for block replication policy
17/03/16 22:46:50 INFO BlockManagerMaster: Registering BlockManager BlockManagerId(driver, 127.0.0.1, 33247, None)
17/03/16 22:46:50 INFO BlockManagerMasterEndpoint: Registering block manager 127.0.0.1:33247 with 366.3 MB RAM, BlockManagerId(driver, 127.0.0.1, 33247, None)
17/03/16 22:46:50 INFO BlockManagerMaster: Registered BlockManager BlockManagerId(driver, 127.0.0.1, 33247, None)
17/03/16 22:46:50 INFO BlockManager: Initialized BlockManager: BlockManagerId(driver, 127.0.0.1, 33247, None)
17/03/16 22:46:50 WARN SparkContext: Using an existing SparkContext; some configuration may not take effect.
17/03/16 22:46:50 INFO SharedState: Warehouse path is 'file:/home/yannick/Work/github/Spikes/monetdb/spark-warehouse'.
17/03/16 22:46:50 INFO HiveUtils: Initializing HiveMetastoreConnection version 1.2.1 using Spark classes.
17/03/16 22:46:51 INFO HiveMetaStore: 0: Opening raw store with implemenation class:org.apache.hadoop.hive.metastore.ObjectStore
17/03/16 22:46:51 INFO ObjectStore: ObjectStore, initialize called
17/03/16 22:46:51 INFO Persistence: Property hive.metastore.integral.jdo.pushdown unknown - will be ignored
17/03/16 22:46:51 INFO Persistence: Property datanucleus.cache.level2 unknown - will be ignored
17/03/16 22:46:52 INFO ObjectStore: Setting MetaStore object pin classes with hive.metastore.cache.pinobjtypes="Table,StorageDescriptor,SerDeInfo,Partition,Database,Type,FieldSchema,Order"
17/03/16 22:46:53 INFO Datastore: The class "org.apache.hadoop.hive.metastore.model.MFieldSchema" is tagged as "embedded-only" so does not have its own datastore table.
17/03/16 22:46:53 INFO Datastore: The class "org.apache.hadoop.hive.metastore.model.MOrder" is tagged as "embedded-only" so does not have its own datastore table.
17/03/16 22:46:53 INFO Datastore: The class "org.apache.hadoop.hive.metastore.model.MFieldSchema" is tagged as "embedded-only" so does not have its own datastore table.
17/03/16 22:46:53 INFO Datastore: The class "org.apache.hadoop.hive.metastore.model.MOrder" is tagged as "embedded-only" so does not have its own datastore table.
17/03/16 22:46:53 INFO MetaStoreDirectSql: Using direct SQL, underlying DB is DERBY
17/03/16 22:46:53 INFO ObjectStore: Initialized ObjectStore
17/03/16 22:46:53 WARN ObjectStore: Version information not found in metastore. hive.metastore.schema.verification is not enabled so recording the schema version 1.2.0
17/03/16 22:46:53 WARN ObjectStore: Failed to get database default, returning NoSuchObjectException
17/03/16 22:46:54 INFO HiveMetaStore: Added admin role in metastore
17/03/16 22:46:54 INFO HiveMetaStore: Added public role in metastore
17/03/16 22:46:54 INFO HiveMetaStore: No user is added in admin role, since config is empty
17/03/16 22:46:54 INFO HiveMetaStore: 0: get_all_databases
17/03/16 22:46:54 INFO audit: ugi=yannick	ip=unknown-ip-addr	cmd=get_all_databases	
17/03/16 22:46:54 INFO HiveMetaStore: 0: get_functions: db=default pat=*
17/03/16 22:46:54 INFO audit: ugi=yannick	ip=unknown-ip-addr	cmd=get_functions: db=default pat=*	
17/03/16 22:46:54 INFO Datastore: The class "org.apache.hadoop.hive.metastore.model.MResourceUri" is tagged as "embedded-only" so does not have its own datastore table.
17/03/16 22:46:54 INFO SessionState: Created local directory: /tmp/fe102f28-669f-447f-8b7a-243c98c7dba3_resources
17/03/16 22:46:54 INFO SessionState: Created HDFS directory: /tmp/hive/yannick/fe102f28-669f-447f-8b7a-243c98c7dba3
17/03/16 22:46:54 INFO SessionState: Created local directory: /tmp/yannick/fe102f28-669f-447f-8b7a-243c98c7dba3
17/03/16 22:46:54 INFO SessionState: Created HDFS directory: /tmp/hive/yannick/fe102f28-669f-447f-8b7a-243c98c7dba3/_tmp_space.db
17/03/16 22:46:54 INFO HiveClientImpl: Warehouse location for Hive client (version 1.2.1) is file:/home/yannick/Work/github/Spikes/monetdb/spark-warehouse
17/03/16 22:46:54 INFO HiveMetaStore: 0: get_database: default
17/03/16 22:46:54 INFO audit: ugi=yannick	ip=unknown-ip-addr	cmd=get_database: default	
17/03/16 22:46:54 INFO HiveMetaStore: 0: get_database: global_temp
17/03/16 22:46:54 INFO audit: ugi=yannick	ip=unknown-ip-addr	cmd=get_database: global_temp	
17/03/16 22:46:54 WARN ObjectStore: Failed to get database global_temp, returning NoSuchObjectException
17/03/16 22:47:05 INFO SparkContext: Invoking stop() from shutdown hook
17/03/16 22:47:05 INFO SparkUI: Stopped Spark web UI at http://127.0.0.1:4040
17/03/16 22:47:05 INFO MapOutputTrackerMasterEndpoint: MapOutputTrackerMasterEndpoint stopped!
17/03/16 22:47:05 INFO MemoryStore: MemoryStore cleared
17/03/16 22:47:05 INFO BlockManager: BlockManager stopped
17/03/16 22:47:05 INFO BlockManagerMaster: BlockManagerMaster stopped
17/03/16 22:47:05 INFO OutputCommitCoordinator$OutputCommitCoordinatorEndpoint: OutputCommitCoordinator stopped!
17/03/16 22:47:05 INFO SparkContext: Successfully stopped SparkContext
17/03/16 22:47:05 INFO ShutdownHookManager: Shutdown hook called
17/03/16 22:47:05 INFO ShutdownHookManager: Deleting directory /tmp/spark-b6923249-e1f4-4f8d-b00d-04e5f03c3474
